aperture/build/intermediates/manifest_merge_blame_file/release/processReleaseManifest/manifest-merger-blame-release-report.txt
1<?xml version="1.0" encoding="utf-8"?>
2<manifest xmlns:android="http://schemas.android.com/apk/res/android"
3    package="io.aperture" >
4
5    <uses-sdk android:minSdkVersion="21" />
6    <!-- Internet permission for web server -->
7    <uses-permission android:name="android.permission.INTERNET" />
7-->src/main/AndroidManifest.xml:4:5-67
7-->src/main/AndroidManifest.xml:4:22-64
8    <uses-permission android:name="android.permission.ACCESS_NETWORK_STATE" />
8-->src/main/AndroidManifest.xml:5:5-79
8-->src/main/AndroidManifest.xml:5:22-76
9
10    <!-- Foreground service permission (Android 9+) -->
11    <uses-permission android:name="android.permission.FOREGROUND_SERVICE" />
11-->src/main/AndroidManifest.xml:8:5-77
11-->src/main/AndroidManifest.xml:8:22-74
12
13    <!-- Foreground service type permission (Android 14+) -->
14    <uses-permission android:name="android.permission.FOREGROUND_SERVICE_DATA_SYNC" />
14-->src/main/AndroidManifest.xml:11:5-87
14-->src/main/AndroidManifest.xml:11:22-84
15
16    <!-- Post notifications permission (Android 13+) -->
17    <uses-permission android:name="android.permission.POST_NOTIFICATIONS" />
17-->src/main/AndroidManifest.xml:14:5-77
17-->src/main/AndroidManifest.xml:14:22-74
18
19    <application>
19-->src/main/AndroidManifest.xml:16:5-23:19
20
21        <!-- Aperture foreground service -->
22        <service
22-->src/main/AndroidManifest.xml:18:9-22:56
23            android:name="io.aperture.service.ApertureService"
23-->src/main/AndroidManifest.xml:19:13-52
24            android:enabled="true"
24-->src/main/AndroidManifest.xml:20:13-35
25            android:exported="false"
25-->src/main/AndroidManifest.xml:21:13-37
26            android:foregroundServiceType="dataSync" />
26-->src/main/AndroidManifest.xml:22:13-53
27    </application>
28
29</manifest>